<?xml version="1.0" encoding="UTF-8"?>
<!-- Generated by org.testng.reporters.JUnitReportReporter -->
<testsuite name="Demo.Demo" tests="1" time="27.650" ignored="0" failures="0" timestamp="26 Nov 2017 16:02:21 GMT" skipped="0" hostname="fc2-PC" errors="0">
  <testcase name="perform" time="27.650" classname="Demo.Demo"/>
</testsuite> <!-- Demo.Demo -->
